<?xml version="1.0" encoding="UTF-8"?>
<!-- Generated by org.testng.reporters.JUnitReportReporter -->
<testsuite hostname="RomanEmpire" failures="0" tests="10" name="scenario2.test" time="-3442400768.000" errors="2" timestamp="2024-07-17T12:44:19 IST" skipped="8">
  <testcase classname="scenario2.test" name="searchByUserName" time="0.000">
    <skipped/>
  </testcase> <!-- searchByUserName -->
  <testcase classname="scenario2.test" name="searchByUserRole" time="0.000">
    <skipped/>
  </testcase> <!-- searchByUserRole -->
  <testcase classname="scenario2.test" name="searchByUserName" time="0.001">
    <skipped/>
  </testcase> <!-- searchByUserName -->
  <testcase classname="scenario2.test" name="searchByUserStatus" time="0.000">
    <skipped/>
  </testcase> <!-- searchByUserStatus -->
  <testcase classname="scenario2.test" name="Counting" time="0.000">
    <skipped/>
  </testcase> <!-- Counting -->
  <testcase classname="scenario2.test" name="searchByUserStatus" time="0.000">
    <skipped/>
  </testcase> <!-- searchByUserStatus -->
  <testcase classname="scenario2.test" name="Beforemethod" time="-1721200384.000">
    <error message="
Can inject only one of &lt;ITestContext, XmlTest&gt; into a @BeforeClass annotated Beforemethod.
For more information on native dependency injection please refer to https://testng.org/#_dependency_injection" type="org.testng.TestNGException">
      <![CDATA[org.testng.TestNGException: 
Can inject only one of <ITestContext, XmlTest> into a @BeforeClass annotated Beforemethod.
For more information on native dependency injection please refer to https://testng.org/#_dependency_injection
at org.testng.internal.Parameters.checkParameterTypes(Parameters.java:442)
at org.testng.internal.Parameters.createParametersForMethod(Parameters.java:347)
at org.testng.internal.Parameters.createParameters(Parameters.java:699)
at org.testng.internal.Parameters.createConfigurationParameters(Parameters.java:163)
at org.testng.internal.invokers.ConfigInvoker.invokeConfigurations(ConfigInvoker.java:313)
at org.testng.internal.invokers.TestMethodWorker.invokeBeforeClassMethods(TestMethodWorker.java:188)
at org.testng.internal.invokers.TestMethodWorker.run(TestMethodWorker.java:128)
at java.base/java.util.concurrent.Executors$RunnableAdapter.call(Executors.java:539)
at java.base/java.util.concurrent.FutureTask.run(FutureTask.java:264)
at org.testng.internal.thread.graph.TestNGFutureTask.run(TestNGFutureTask.java:22)
at java.base/java.util.concurrent.ThreadPoolExecutor.runWorker(ThreadPoolExecutor.java:1136)
at java.base/java.util.concurrent.ThreadPoolExecutor$Worker.run(ThreadPoolExecutor.java:635)
at java.base/java.lang.Thread.run(Thread.java:833)
]]>
    </error>
  </testcase> <!-- Beforemethod -->
  <testcase classname="scenario2.test" name="Counting" time="0.001">
    <skipped/>
  </testcase> <!-- Counting -->
  <testcase classname="scenario2.test" name="Beforemethod" time="-1721200384.000">
    <error message="
Can inject only one of &lt;ITestContext, XmlTest&gt; into a @BeforeClass annotated Beforemethod.
For more information on native dependency injection please refer to https://testng.org/#_dependency_injection" type="org.testng.TestNGException">
      <![CDATA[org.testng.TestNGException: 
Can inject only one of <ITestContext, XmlTest> into a @BeforeClass annotated Beforemethod.
For more information on native dependency injection please refer to https://testng.org/#_dependency_injection
at org.testng.internal.Parameters.checkParameterTypes(Parameters.java:442)
at org.testng.internal.Parameters.createParametersForMethod(Parameters.java:347)
at org.testng.internal.Parameters.createParameters(Parameters.java:699)
at org.testng.internal.Parameters.createConfigurationParameters(Parameters.java:163)
at org.testng.internal.invokers.ConfigInvoker.invokeConfigurations(ConfigInvoker.java:313)
at org.testng.internal.invokers.TestMethodWorker.invokeBeforeClassMethods(TestMethodWorker.java:188)
at org.testng.internal.invokers.TestMethodWorker.run(TestMethodWorker.java:128)
at java.base/java.util.concurrent.Executors$RunnableAdapter.call(Executors.java:539)
at java.base/java.util.concurrent.FutureTask.run(FutureTask.java:264)
at org.testng.internal.thread.graph.TestNGFutureTask.run(TestNGFutureTask.java:22)
at java.base/java.util.concurrent.ThreadPoolExecutor.runWorker(ThreadPoolExecutor.java:1136)
at java.base/java.util.concurrent.ThreadPoolExecutor$Worker.run(ThreadPoolExecutor.java:635)
at java.base/java.lang.Thread.run(Thread.java:833)
]]>
    </error>
  </testcase> <!-- Beforemethod -->
  <testcase classname="scenario2.test" name="searchByUserRole" time="0.001">
    <skipped/>
  </testcase> <!-- searchByUserRole -->
</testsuite> <!-- scenario2.test -->
